<?xml version="1.0" encoding="UTF-8" standalone="yes"?><!DOCTYPE report PUBLIC "-//JACOCO//DTD Report 1.0//EN" "report.dtd"><report name="JaCoCo_PoC"><sessioninfo id="macbook-jmangialomini.local-542710a1" start="1476960063217" dump="1476960068655"/><package name="com/autentia/poc/jacoco/model"><class name="com/autentia/poc/jacoco/model/User"><method name="&lt;init&gt;" desc="(JLjava/lang/String;Ljava/lang/String;)V" line="10"><counter type="INSTRUCTION" missed="0" covered="12"/><counter type="LINE" missed="0" covered="5"/><counter type="COMPLEXITY" missed="0" covered="1"/><counter type="METHOD" missed="0" covered="1"/></method><method name="toString" desc="()Ljava/lang/String;" line="18"><counter type="INSTRUCTION" missed="0" covered="20"/><counter type="LINE" missed="0" covered="1"/><counter type="COMPLEXITY" missed="0" covered="1"/><counter type="METHOD" missed="0" covered="1"/></method><counter type="INSTRUCTION" missed="0" covered="32"/><counter type="LINE" missed="0" covered="6"/><counter type="COMPLEXITY" missed="0" covered="2"/><counter type="METHOD" missed="0" covered="2"/><counter type="CLASS" missed="0" covered="1"/></class><sourcefile name="User.java"><line nr="10" mi="0" ci="2" mb="0" cb="0"/><line nr="11" mi="0" ci="3" mb="0" cb="0"/><line nr="12" mi="0" ci="3" mb="0" cb="0"/><line nr="13" mi="0" ci="3" mb="0" cb="0"/><line nr="14" mi="0" ci="1" mb="0" cb="0"/><line nr="18" mi="0" ci="20" mb="0" cb="0"/><counter type="INSTRUCTION" missed="0" covered="32"/><counter type="LINE" missed="0" covered="6"/><counter type="COMPLEXITY" missed="0" covered="2"/><counter type="METHOD" missed="0" covered="2"/><counter type="CLASS" missed="0" covered="1"/></sourcefile><counter type="INSTRUCTION" missed="0" covered="32"/><counter type="LINE" missed="0" covered="6"/><counter type="COMPLEXITY" missed="0" covered="2"/><counter type="METHOD" missed="0" covered="2"/><counter type="CLASS" missed="0" covered="1"/></package><counter type="INSTRUCTION" missed="0" covered="32"/><counter type="LINE" missed="0" covered="6"/><counter type="COMPLEXITY" missed="0" covered="2"/><counter type="METHOD" missed="0" covered="2"/><counter type="CLASS" missed="0" covered="1"/></report>